2026/03/14 23:21:37 ========================================
2026/03/14 23:21:37   纪念日提醒服务 启动
2026/03/14 23:21:37   时间: 2026-03-14 23:21:37
2026/03/14 23:21:37 ========================================
2026/03/14 23:21:37 服务地址: http://localhost:8080
2026/03/14 23:30:47 ========================================
2026/03/14 23:30:47   纪念日提醒服务 启动
2026/03/14 23:30:47   时间: 2026-03-14 23:30:47
2026/03/14 23:30:47 ========================================
2026/03/14 23:30:47 服务地址: http://localhost:8080
2026/03/14 23:30:47 启动服务器失败: listen tcp :8080: bind: Only one usage of each socket address (protocol/network address/port) is normally permitted.
2026/03/14 23:32:09 ========================================
2026/03/14 23:32:09   纪念日提醒服务 启动
2026/03/14 23:32:09   时间: 2026-03-14 23:32:09
2026/03/14 23:32:09 ========================================
2026/03/14 23:32:09 服务地址: http://localhost:8080
2026/03/14 23:32:09 启动服务器失败: listen tcp :8080: bind: Only one usage of each socket address (protocol/network address/port) is normally permitted.
2026/03/14 23:40:19 ========================================
2026/03/14 23:40:19   纪念日提醒服务 启动
2026/03/14 23:40:19   时间: 2026-03-14 23:40:19
2026/03/14 23:40:19 ========================================
2026/03/14 23:40:19 服务地址: http://localhost:8080
2026/03/14 23:58:26 ========================================
2026/03/14 23:58:26   纪念日提醒服务 启动
2026/03/14 23:58:26   时间: 2026-03-14 23:58:26
2026/03/14 23:58:26 ========================================
2026/03/14 23:58:26 服务地址: http://localhost:8080
2026/03/15 00:17:06 ========================================
2026/03/15 00:17:06   纪念日提醒服务 启动
2026/03/15 00:17:06   时间: 2026-03-15 00:17:06
2026/03/15 00:17:06 ========================================
2026/03/15 00:17:06 服务地址: http://localhost:8080
2026/03/15 00:18:05 添加纪念日: 王五 (01-18)
2026/03/15 00:22:47 ========================================
2026/03/15 00:22:47   纪念日提醒服务 启动
2026/03/15 00:22:47   时间: 2026-03-15 00:22:47
2026/03/15 00:22:47 ========================================
2026/03/15 00:22:47 服务地址: http://localhost:8080
2026/03/15 00:26:44 ========================================
2026/03/15 00:26:44   纪念日提醒服务 启动
2026/03/15 00:26:44   时间: 2026-03-15 00:26:44
2026/03/15 00:26:44 ========================================
2026/03/15 00:26:44 服务地址: http://localhost:8080
2026/03/15 00:29:00 ========================================
2026/03/15 00:29:00   纪念日提醒服务 启动
2026/03/15 00:29:00   时间: 2026-03-15 00:29:00
2026/03/15 00:29:00 ========================================
2026/03/15 00:29:00 服务地址: http://localhost:8080
2026/03/15 00:32:07 ========================================
2026/03/15 00:32:07   纪念日提醒服务 启动
2026/03/15 00:32:07   时间: 2026-03-15 00:32:07
2026/03/15 00:32:07 ========================================
2026/03/15 00:32:07 服务地址: http://localhost:8080
2026/03/15 00:34:31 ========================================
2026/03/15 00:34:31   纪念日提醒服务 启动
2026/03/15 00:34:31   时间: 2026-03-15 00:34:31
2026/03/15 00:34:31 ========================================
2026/03/15 00:34:31 服务地址: http://localhost:8080
2026/03/15 10:16:08 ========================================
2026/03/15 10:16:08   纪念日提醒服务 启动
2026/03/15 10:16:08   时间: 2026-03-15 10:16:08
2026/03/15 10:16:08 ========================================
2026/03/15 10:16:08 服务地址: http://localhost:8080
2026/03/15 22:07:21 ========================================
2026/03/15 22:07:21   纪念日提醒服务 启动
2026/03/15 22:07:21   时间: 2026-03-15 22:07:21
2026/03/15 22:07:21 ========================================
2026/03/15 22:07:21 服务地址: http://localhost:8080
2026/03/15 22:21:41 ========================================
2026/03/15 22:21:41   纪念日提醒服务 启动
2026/03/15 22:21:41   时间: 2026-03-15 22:21:41
2026/03/15 22:21:41 ========================================
2026/03/15 22:21:41 服务地址: http://localhost:8080
2026/03/15 22:21:41 启动服务器失败: listen tcp :8080: bind: Only one usage of each socket address (protocol/network address/port) is normally permitted.
2026/03/15 22:30:55 ========================================
2026/03/15 22:30:55   纪念日提醒服务 启动
2026/03/15 22:30:55   时间: 2026-03-15 22:30:55
2026/03/15 22:30:55 ========================================
2026/03/15 22:30:55 服务地址: http://localhost:8080
2026/03/15 22:34:53 ========================================
2026/03/15 22:34:53   纪念日提醒服务 启动
2026/03/15 22:34:53   时间: 2026-03-15 22:34:53
2026/03/15 22:34:53 ========================================
2026/03/15 22:34:53 服务地址: http://localhost:8080
2026/03/15 22:35:26 添加纪念日: 王五 (2026-02-17)
2026/03/15 22:36:13 编辑纪念日: 王五 (2021-01-18)
2026/03/15 22:36:19 编辑纪念日: 张三生日 (1986-09-01)
2026/03/15 22:37:15 ========================================
2026/03/15 22:37:15   纪念日提醒服务 启动
2026/03/15 22:37:15   时间: 2026-03-15 22:37:15
2026/03/15 22:37:15 ========================================
2026/03/15 22:37:15 服务地址: http://localhost:8080
2026/03/15 22:40:16 ========================================
2026/03/15 22:40:16   纪念日提醒服务 启动
2026/03/15 22:40:16   时间: 2026-03-15 22:40:16
2026/03/15 22:40:16 ========================================
2026/03/15 22:40:16 服务地址: http://localhost:8080
